============================= test session starts ==============================
platform linux -- Python 3.12.11, pytest-8.3.5, pluggy-1.6.0 -- /nix/store/a220kalhjq5bhnjn67g48aflanl7ymyc-python3-3.12.11-env/bin/python3.12
cachedir: .pytest_cache
hypothesis profile 'default' -> database=DirectoryBasedExampleDatabase(PosixPath('/home/nixos/bin/src/requirement/graph/.hypothesis/examples'))
rootdir: /home/nixos/bin/src/requirement/graph
configfile: pytest.ini
plugins: xdist-3.6.1, hypothesis-6.131.17
collecting ... ERROR: not found: /home/nixos/bin/src/requirement/graph/e2e/internal/test_e2e_graph_health.py::TestCreateRequirement::test_create_simple_requirement
(no match in any of [<Module test_e2e_graph_health.py>])

collected 0 items

=============================== warnings summary ===============================
test_utils/pytest_marks.py:115
  /home/nixos/bin/src/requirement/graph/test_utils/pytest_marks.py:115: PytestUnknownMarkWarning: Unknown pytest.mark.slow - is this a typo?  You can register custom marks to avoid this warning - for details, see https://docs.pytest.org/en/stable/how-to/mark.html
    func = getattr(pytest.mark, speed.name.lower())(func)

test_utils/pytest_marks.py:119
  /home/nixos/bin/src/requirement/graph/test_utils/pytest_marks.py:119: PytestUnknownMarkWarning: Unknown pytest.mark.e2e - is this a typo?  You can register custom marks to avoid this warning - for details, see https://docs.pytest.org/en/stable/how-to/mark.html
    func = getattr(pytest.mark, test_type.name.lower())(func)

-- Docs: https://docs.pytest.org/en/stable/how-to/capture-warnings.html
============================= 2 warnings in 0.78s ==============================
