Requirement Graph Logic (RGL) Development Environment
Environment ready!
============================= test session starts ==============================
platform linux -- Python 3.12.11, pytest-8.3.5, pluggy-1.6.0 -- /nix/store/qskkwjiw6zh4ax4hx2341p5c0z1kz09k-python3-3.12.11-env/bin/python3.12
cachedir: .pytest_cache
metadata: {'Python': '3.12.11', 'Platform': 'Linux-6.12.38-x86_64-with-glibc2.40', 'Packages': {'pytest': '8.3.5', 'pluggy': '1.6.0'}, 'Plugins': {'metadata': '3.1.1', 'json-report': '1.5.0', 'xdist': '3.6.1', 'hypothesis': '6.131.17'}}
hypothesis profile 'default' -> database=DirectoryBasedExampleDatabase(PosixPath('/home/nixos/bin/src/requirement/graph/.hypothesis/examples'))
rootdir: /home/nixos/bin/src/requirement/graph
configfile: pytest.ini
plugins: metadata-3.1.1, json-report-1.5.0, xdist-3.6.1, hypothesis-6.131.17
collecting ... collected 0 items

============================ no tests ran in 0.73s =============================
