{"created": 1753873323.1130612, "duration": 0.042365074157714844, "exitcode": 1, "root": "/home/nixos/bin/src", "environment": {}, "summary": {"passed": 2, "failed": 1, "skipped": 1, "total": 4, "collected": 4}, "collectors": [{"nodeid": "", "outcome": "passed", "result": [{"nodeid": "flakes/python/test_minimal.py", "type": "Module"}]}, {"nodeid": "flakes/python/test_minimal.py", "outcome": "passed", "result": [{"nodeid": "flakes/python/test_minimal.py::test_pass", "type": "Function", "lineno": 0}, {"nodeid": "flakes/python/test_minimal.py::test_fail", "type": "Function", "lineno": 4}, {"nodeid": "flakes/python/test_minimal.py::test_skip", "type": "Function", "lineno": 8}, {"nodeid": "flakes/python/test_minimal.py::test_with_output", "type": "Function", "lineno": 13}]}], "tests": [{"nodeid": "flakes/python/test_minimal.py::test_pass", "lineno": 0, "outcome": "passed", "keywords": ["test_pass", "test_minimal.py", "python", "flakes", "src", ""], "setup": {"duration": 0.00018760099192149937, "outcome": "passed"}, "call": {"duration": 0.00014870100130792707, "outcome": "passed"}, "teardown": {"duration": 0.00012989999959245324, "outcome": "passed"}}, {"nodeid": "flakes/python/test_minimal.py::test_fail", "lineno": 4, "outcome": "failed", "keywords": ["test_fail", "test_minimal.py", "python", "flakes", "src", ""], "setup": {"duration": 0.0001286999904550612, "outcome": "passed"}, "call": {"duration": 0.00027760100783780217, "outcome": "failed", "crash": {"path": "/home/nixos/bin/src/flakes/python/test_minimal.py", "lineno": 7, "message": "assert (1 + 1) == 3"}, "traceback": [{"path": "test_minimal.py", "lineno": 7, "message": "AssertionError"}], "longrepr": "def test_fail():\n        \"\"\"This test always fails\"\"\"\n>       assert 1 + 1 == 3\nE       assert (1 + 1) == 3\n\ntest_minimal.py:7: AssertionError"}, "teardown": {"duration": 0.00017120000848080963, "outcome": "passed"}}, {"nodeid": "flakes/python/test_minimal.py::test_skip", "lineno": 8, "outcome": "skipped", "keywords": ["test_skip", "test_minimal.py", "python", "flakes", "src", ""], "setup": {"duration": 0.00012450099166017026, "outcome": "passed"}, "call": {"duration": 0.00017939999816007912, "outcome": "skipped", "longrepr": "('/home/nixos/bin/src/flakes/python/test_minimal.py', 12, 'Skipped: Skipping this test for demo')"}, "teardown": {"duration": 0.00014120001287665218, "outcome": "passed"}}, {"nodeid": "flakes/python/test_minimal.py::test_with_output", "lineno": 13, "outcome": "passed", "keywords": ["test_with_output", "test_minimal.py", "python", "flakes", "src", ""], "setup": {"duration": 0.00014910000027157366, "outcome": "passed"}, "call": {"duration": 0.00016840000171214342, "outcome": "passed", "stdout": "Hello from test!\nThis is stdout output\n"}, "teardown": {"duration": 0.0013658039970323443, "outcome": "passed"}}]}